<?xml version="1.0" encoding="UTF-8"?>
<testsuite xmlns:xsi="http://www.w3.org/2001/XMLSchema-instance" xsi:noNamespaceSchemaLocation="https://maven.apache.org/surefire/maven-surefire-plugin/xsd/surefire-test-report-3.0.xsd" version="3.0" name="TestSuite" time="0.799" tests="4" errors="0" skipped="0" failures="0">
  <properties>
[...]
</properties>
  <testcase name="testBranch" classname="test.com.itexps.BranchTest" time="0.014"/>
  <testcase name="testId" classname="test.com.itexps.EmployeeTest" time="0.0"/>
  <testcase name="testIdName" classname="test.com.itexps.EmployeeTest" time="0.001"/>
  <testcase name="testName" classname="test.com.itexps.EmployeeTest" time="0.0"/>
</testsuite>