<?xml version="1.0" encoding="UTF-8"?>
<testng-results total="1" passed="1" failed="0" skipped="0">
  <reporter-output>
  </reporter-output>
  <suite started-at="2024-08-27T17:01:24Z" name="Surefire suite" finished-at="2024-08-27T17:01:24Z" duration-ms="67">
    <groups>
    </groups>
    <test started-at="2024-08-27T17:01:24Z" name="Surefire test" finished-at="2024-08-27T17:01:24Z" duration-ms="67">
      <class name="test.com.itexps.BranchTest">
        <test-method is-config="true" signature="setUpClass()[pri:0, instance:test.com.itexps.BranchTest@f107c50]" started-at="2024-08-27T12:01:24Z" name="setUpClass" finished-at="2024-08-27T12:01:24Z" duration-ms="21" status="PASS">
          <reporter-output>
          </reporter-output>
        </test-method> <!-- setUpClass -->
        <test-method is-config="true" signature="setUpMethod()[pri:0, instance:test.com.itexps.BranchTest@f107c50]" started-at="2024-08-27T12:01:24Z" name="setUpMethod" finished-at="2024-08-27T12:01:24Z" duration-ms="2" status="PASS">
          <reporter-output>
          </reporter-output>
        </test-method> <!-- setUpMethod -->
        <test-method signature="testBranch()[pri:0, instance:test.com.itexps.BranchTest@f107c50]" started-at="2024-08-27T12:01:24Z" name="testBranch" finished-at="2024-08-27T12:01:24Z" duration-ms="17" status="PASS">
          <reporter-output>
          </reporter-output>
        </test-method> <!-- testBranch -->
        <test-method is-config="true" signature="tearDownMethod()[pri:0, instance:test.com.itexps.BranchTest@f107c50]" started-at="2024-08-27T12:01:24Z" name="tearDownMethod" finished-at="2024-08-27T12:01:24Z" duration-ms="3" status="PASS">
          <reporter-output>
          </reporter-output>
        </test-method> <!-- tearDownMethod -->
        <test-method is-config="true" signature="tearDownClass()[pri:0, instance:test.com.itexps.BranchTest@f107c50]" started-at="2024-08-27T12:01:24Z" name="tearDownClass" finished-at="2024-08-27T12:01:24Z" duration-ms="0" status="PASS">
          <reporter-output>
          </reporter-output>
        </test-method> <!-- tearDownClass -->
      </class> <!-- test.com.itexps.BranchTest -->
    </test> <!-- Surefire test -->
  </suite> <!-- Surefire suite -->
</testng-results>
