<?xml version="1.0" encoding="UTF-8"?>
<!-- Generated by org.testng.reporters.JUnitXMLReporter -->
<testsuite hostname="WENDELLROBLES-HP-EB-840-G3" failures="0" tests="4" name="Surefire test" time="0.073" errors="0" timestamp="27 Aug 2024 16:47:12 GMT">
  <testcase classname="test.com.itexps.BranchTest" name="testBranch" time="0.018"/>
  <testcase classname="test.com.itexps.EmployeeTest" name="testId" time="0.001"/>
  <testcase classname="test.com.itexps.EmployeeTest" name="testIdName" time="0.002"/>
  <testcase classname="test.com.itexps.EmployeeTest" name="testName" time="0.001"/>
</testsuite> <!-- Surefire test -->
